Build started 26/10/2014 15:42:54.
     1>Project "C:\Users\Richard\Desktop\Paintbin\Paintbin\Paintbin.vcxproj" on node 2 (Build target(s)).
     1>ClCompile:
         C:\Program Files (x86)\Microsoft Visual Studio 12.0\VC\bin\x86_arm\CL.exe /c /IC:\Users\Richard\Desktop\Paintbin\Paintbin\ /I"Generated Files\\" /IARM\Debug\ /Zi /ZW /ZW:nostdlib /nologo /W3 /WX- /sdl /MP /Od /Oy- /D PSAPI_VERSION=2 /D WINAPI_FAMILY=WINAPI_FAMILY_PHONE_APP /D _UITHREADCTXT_SUPPORT=0 /D _UNICODE /D UNICODE /D _DEBUG /Gm- /EHsc /RTC1 /MDd /GS /fp:precise /Zc:wchar_t /Zc:forScope /Yu"pch.h" /Fp"ARM\Debug\Paintbin.pch" /Fo"ARM\Debug\\" /Fd"ARM\Debug\vc120.pdb" /Gd /TP /wd4453 /wd28204 /FU"C:\Program Files (x86)\Microsoft SDKs\WindowsPhoneApp\v8.1\ExtensionSDKs\Microsoft.VCLibs\12.0\References\CommonConfiguration\neutral\platform.winmd" /FU"C:\Program Files (x86)\Windows Phone Kits\8.1\\References\CommonConfiguration\Neutral\Windows.winmd" /FU"C:\Program Files (x86)\Windows Phone Kits\8.1\\References\CommonConfiguration\Neutral\Windows.winmd" /analyze- /errorReport:prompt /bigobj App.xaml.cpp MainPage.xaml.cpp
         App.xaml.cpp
         MainPage.xaml.cpp
       CreateWinMD:
         C:\Program Files (x86)\Microsoft Visual Studio 12.0\VC\bin\x86_arm\link.exe /ERRORREPORT:PROMPT /OUT:"C:\Users\Richard\Desktop\Paintbin\ARM\Debug\Paintbin\Paintbin.exe" /INCREMENTAL /NOLOGO WindowsPhoneCore.lib RuntimeObject.lib PhoneAppModelHost.lib /NODEFAULTLIB:kernel32.lib /NODEFAULTLIB:ole32.lib /MANIFEST:NO /DEBUG /PDB:"C:\Users\Richard\Desktop\Paintbin\ARM\Debug\Paintbin\Paintbin.pdb" /SUBSYSTEM:WINDOWS /TLBID:1 /APPCONTAINER /WINMD:ONLY /WINMDFILE:"C:\Users\Richard\Desktop\Paintbin\ARM\Debug\Paintbin\Paintbin.winmd" /DYNAMICBASE /NXCOMPAT /MACHINE:ARM ARM\Debug\App.xaml.obj
         ARM\Debug\NavigationHelper.obj
         ARM\Debug\RelayCommand.obj
         ARM\Debug\SuspensionManager.obj
         ARM\Debug\MainPage.xaml.obj
         ARM\Debug\pch.obj
         ARM\Debug\XamlTypeInfo.Impl.g.obj
       CompileXamlGeneratedFiles:
         C:\Program Files (x86)\Microsoft Visual Studio 12.0\VC\bin\x86_arm\CL.exe /c /IC:\Users\Richard\Desktop\Paintbin\Paintbin\ /I"Generated Files\\" /IARM\Debug\ /Zi /ZW /ZW:nostdlib /nologo /W3 /WX- /sdl /MP /Od /Oy- /D PSAPI_VERSION=2 /D WINAPI_FAMILY=WINAPI_FAMILY_PHONE_APP /D _UITHREADCTXT_SUPPORT=0 /D _UNICODE /D UNICODE /D _DEBUG /Gm- /EHsc /RTC1 /MDd /GS /fp:precise /Zc:wchar_t /Zc:forScope /Yu"pch.h" /Fp"ARM\Debug\Paintbin.pch" /Fo"ARM\Debug\\" /Fd"ARM\Debug\vc120.pdb" /Gd /TP /wd4453 /wd28204 /FU"C:\Program Files (x86)\Microsoft SDKs\WindowsPhoneApp\v8.1\ExtensionSDKs\Microsoft.VCLibs\12.0\References\CommonConfiguration\neutral\platform.winmd" /FU"C:\Program Files (x86)\Windows Phone Kits\8.1\\References\CommonConfiguration\Neutral\Windows.winmd" /FU"C:\Program Files (x86)\Windows Phone Kits\8.1\\References\CommonConfiguration\Neutral\Windows.winmd" /analyze- /errorReport:prompt /bigobj "Generated Files\XamlTypeInfo.g.cpp"
         XamlTypeInfo.g.cpp
       Link:
         C:\Program Files (x86)\Microsoft Visual Studio 12.0\VC\bin\x86_arm\link.exe /ERRORREPORT:PROMPT /OUT:"C:\Users\Richard\Desktop\Paintbin\ARM\Debug\Paintbin\Paintbin.exe" /INCREMENTAL /NOLOGO WindowsPhoneCore.lib RuntimeObject.lib PhoneAppModelHost.lib /NODEFAULTLIB:kernel32.lib /NODEFAULTLIB:ole32.lib /MANIFEST:NO /DEBUG /PDB:"C:\Users\Richard\Desktop\Paintbin\ARM\Debug\Paintbin\Paintbin.pdb" /SUBSYSTEM:WINDOWS /TLBID:1 /APPCONTAINER /WINMD:NO /WINMDFILE:"C:\Users\Richard\Desktop\Paintbin\ARM\Debug\Paintbin\Paintbin.winmd" /DYNAMICBASE /NXCOMPAT /MACHINE:ARM ARM\Debug\App.xaml.obj
         ARM\Debug\NavigationHelper.obj
         ARM\Debug\RelayCommand.obj
         ARM\Debug\SuspensionManager.obj
         ARM\Debug\MainPage.xaml.obj
         ARM\Debug\pch.obj
         ARM\Debug\XamlTypeInfo.Impl.g.obj
         ARM\Debug\XamlTypeInfo.g.obj
         Paintbin.vcxproj -> C:\Users\Richard\Desktop\Paintbin\ARM\Debug\Paintbin\Paintbin.exe
     1>Done Building Project "C:\Users\Richard\Desktop\Paintbin\Paintbin\Paintbin.vcxproj" (Build target(s)).

Build succeeded.

Time Elapsed 00:00:09.76
