c:\users\richard\desktop\paintbin\paintbin\arm\debug\paintbin.pch
c:\users\richard\desktop\paintbin\paintbin\arm\debug\vc120.pdb
c:\users\richard\desktop\paintbin\paintbin\arm\debug\pch.obj
c:\users\richard\desktop\paintbin\paintbin\arm\debug\navigationhelper.obj
c:\users\richard\desktop\paintbin\paintbin\arm\debug\suspensionmanager.obj
c:\users\richard\desktop\paintbin\paintbin\arm\debug\relaycommand.obj
c:\users\richard\desktop\paintbin\paintbin\arm\debug\mainpage.xaml.obj
c:\users\richard\desktop\paintbin\paintbin\arm\debug\app.xaml.obj
c:\users\richard\desktop\paintbin\paintbin\arm\debug\xamltypeinfo.impl.g.obj
c:\users\richard\desktop\paintbin\paintbin\arm\debug\paintbin.tlog\paintbin.winmd.lastbuild
c:\users\richard\desktop\paintbin\paintbin\arm\debug\paintbin.vcxprojresolveassemblyreference.cache
c:\users\richard\desktop\paintbin\paintbin\arm\debug\xamlsavestatefile.xml
c:\users\richard\desktop\paintbin\paintbin\arm\debug\paintbin.tlog\cl.command.1.tlog
c:\users\richard\desktop\paintbin\paintbin\arm\debug\paintbin.tlog\cl.read.1.tlog
c:\users\richard\desktop\paintbin\paintbin\arm\debug\paintbin.tlog\cl.write.1.tlog
c:\users\richard\desktop\paintbin\paintbin\arm\debug\paintbin.tlog\link.command.1.tlog
c:\users\richard\desktop\paintbin\paintbin\arm\debug\paintbin.tlog\link.read.1.tlog
c:\users\richard\desktop\paintbin\paintbin\arm\debug\paintbin.tlog\link.write.1.tlog
c:\users\richard\desktop\paintbin\paintbin\generated files\app.g.h
c:\users\richard\desktop\paintbin\paintbin\generated files\mainpage.g.h
c:\users\richard\desktop\paintbin\paintbin\generated files\xamltypeinfo.g.h
c:\users\richard\desktop\paintbin\paintbin\generated files\xamllibmetadataprovider.g.cpp
c:\users\richard\desktop\paintbin\paintbin\generated files\xamltypeinfo.g.cpp
c:\users\richard\desktop\paintbin\paintbin\generated files\xamltypeinfo.impl.g.cpp
c:\users\richard\desktop\paintbin\paintbin\generated files\app.xaml
c:\users\richard\desktop\paintbin\paintbin\generated files\mainpage.xaml
